# JRE version: Java(TM) SE Runtime Environment (22.0.1+8) (build 22.0.1+8-16)
# Java VM: Java HotSpot(TM) 64-Bit Server VM (22.0.1+8-16, mixed mode, sharing, tiered, compressed oops, compressed class ptrs, g1 gc, windows-amd64)
GC Precious Log:
 CardTable entry size: 512
 Card Set container configuration: InlinePtr #cards 4 size 8 Array Of Cards #cards 16 size 48 Howl #buckets 8 coarsen threshold 3686 Howl Bitmap #cards 512 size 80 coarsen threshold 460 Card regions per heap region 1 cards per card region 4096
 CPUs: 4 total, 4 available
 Memory: 11209M
 Large Page Support: Disabled
 NUMA Support: Disabled
 Compressed Oops: Enabled (Zero based)
 Heap Region Size: 2M
 Heap Min Capacity: 8M
 Heap Initial Capacity: 176M
 Heap Max Capacity: 2804M
 Pre-touch: Disabled
 Parallel Workers: 4
 Concurrent Workers: 1
 Concurrent Refinement Workers: 4
 Periodic GC: Disabled
Heap:
 garbage-first heap   total reserved 2871296K, committed 55296K, used 39954K [0x0000000750c00000, 0x0000000800000000)
  region size 2048K, 7 young (14336K), 1 survivors (2048K)
 Metaspace       used 65831K, committed 66496K, reserved 1114112K
  class space    used 9275K, committed 9536K, reserved 1048576K
GC Heap History (20 events):
Event: 18.068 GC heap before
{Heap before GC invocations=5 (full 0):
 garbage-first heap   total reserved 2871296K, committed 55296K, used 38727K [0x0000000750c00000, 0x0000000800000000)
  region size 2048K, 16 young (32768K), 4 survivors (8192K)
 Metaspace       used 24673K, committed 25088K, reserved 1114112K
  class space    used 3152K, committed 3328K, reserved 1048576K
}
Event: 18.091 GC heap after
{Heap after GC invocations=6 (full 0):
 garbage-first heap   total reserved 2871296K, committed 55296K, used 17124K [0x0000000750c00000, 0x0000000800000000)
  region size 2048K, 2 young (4096K), 2 survivors (4096K)
 Metaspace       used 24673K, committed 25088K, reserved 1114112K
  class space    used 3152K, committed 3328K, reserved 1048576K
}
Event: 21.113 GC heap before
{Heap before GC invocations=6 (full 0):
 garbage-first heap   total reserved 2871296K, committed 55296K, used 41700K [0x0000000750c00000, 0x0000000800000000)
  region size 2048K, 14 young (28672K), 2 survivors (4096K)
 Metaspace       used 28288K, committed 28672K, reserved 1114112K
  class space    used 3652K, committed 3840K, reserved 1048576K
}
Event: 21.142 GC heap after
{Heap after GC invocations=7 (full 0):
 garbage-first heap   total reserved 2871296K, committed 55296K, used 18846K [0x0000000750c00000, 0x0000000800000000)
  region size 2048K, 1 young (2048K), 1 survivors (2048K)
 Metaspace       used 28288K, committed 28672K, reserved 1114112K
  class space    used 3652K, committed 3840K, reserved 1048576K
}
Event: 29.001 GC heap before
{Heap before GC invocations=7 (full 0):
 garbage-first heap   total reserved 2871296K, committed 55296K, used 41374K [0x0000000750c00000, 0x0000000800000000)
  region size 2048K, 13 young (26624K), 1 survivors (2048K)
 Metaspace       used 32967K, committed 33536K, reserved 1114112K
  class space    used 4354K, committed 4608K, reserved 1048576K
}
Event: 29.023 GC heap after
{Heap after GC invocations=8 (full 0):
 garbage-first heap   total reserved 2871296K, committed 55296K, used 21614K [0x0000000750c00000, 0x0000000800000000)
  region size 2048K, 2 young (4096K), 2 survivors (4096K)
 Metaspace       used 32967K, committed 33536K, reserved 1114112K
  class space    used 4354K, committed 4608K, reserved 1048576K
}
Event: 32.203 GC heap before
{Heap before GC invocations=8 (full 0):
 garbage-first heap   total reserved 2871296K, committed 55296K, used 31854K [0x0000000750c00000, 0x0000000800000000)
  region size 2048K, 8 young (16384K), 2 survivors (4096K)
 Metaspace       used 35552K, committed 36096K, reserved 1114112K
  class space    used 4686K, committed 4928K, reserved 1048576K
}
Event: 32.227 GC heap after
{Heap after GC invocations=9 (full 0):
 garbage-first heap   total reserved 2871296K, committed 55296K, used 23268K [0x0000000750c00000, 0x0000000800000000)
  region size 2048K, 1 young (2048K), 1 survivors (2048K)
 Metaspace       used 35552K, committed 36096K, reserved 1114112K
  class space    used 4686K, committed 4928K, reserved 1048576K
}
Event: 38.989 GC heap before
{Heap before GC invocations=10 (full 0):
 garbage-first heap   total reserved 2871296K, committed 55296K, used 45796K [0x0000000750c00000, 0x0000000800000000)
  region size 2048K, 12 young (24576K), 1 survivors (2048K)
 Metaspace       used 41135K, committed 41792K, reserved 1114112K
  class space    used 5545K, committed 5824K, reserved 1048576K
}
Event: 38.997 GC heap after
{Heap after GC invocations=11 (full 0):
 garbage-first heap   total reserved 2871296K, committed 55296K, used 24741K [0x0000000750c00000, 0x0000000800000000)
  region size 2048K, 2 young (4096K), 2 survivors (4096K)
 Metaspace       used 41135K, committed 41792K, reserved 1114112K
  class space    used 5545K, committed 5824K, reserved 1048576K
}
Event: 43.210 GC heap before
{Heap before GC invocations=11 (full 0):
 garbage-first heap   total reserved 2871296K, committed 55296K, used 45221K [0x0000000750c00000, 0x0000000800000000)
  region size 2048K, 12 young (24576K), 2 survivors (4096K)
 Metaspace       used 45751K, committed 46400K, reserved 1114112K
  class space    used 6391K, committed 6656K, reserved 1048576K
}
Event: 43.224 GC heap after
{Heap after GC invocations=12 (full 0):
 garbage-first heap   total reserved 2871296K, committed 55296K, used 25423K [0x0000000750c00000, 0x0000000800000000)
  region size 2048K, 2 young (4096K), 2 survivors (4096K)
 Metaspace       used 45751K, committed 46400K, reserved 1114112K
  class space    used 6391K, committed 6656K, reserved 1048576K
}
Event: 49.111 GC heap before
{Heap before GC invocations=12 (full 0):
 garbage-first heap   total reserved 2871296K, committed 55296K, used 45903K [0x0000000750c00000, 0x0000000800000000)
  region size 2048K, 12 young (24576K), 2 survivors (4096K)
 Metaspace       used 52069K, committed 52672K, reserved 1114112K
  class space    used 7158K, committed 7424K, reserved 1048576K
}
Event: 49.123 GC heap after
{Heap after GC invocations=13 (full 0):
 garbage-first heap   total reserved 2871296K, committed 55296K, used 27957K [0x0000000750c00000, 0x0000000800000000)
  region size 2048K, 2 young (4096K), 2 survivors (4096K)
 Metaspace       used 52069K, committed 52672K, reserved 1114112K
  class space    used 7158K, committed 7424K, reserved 1048576K
}
Event: 54.212 GC heap before
{Heap before GC invocations=13 (full 0):
 garbage-first heap   total reserved 2871296K, committed 55296K, used 44341K [0x0000000750c00000, 0x0000000800000000)
  region size 2048K, 11 young (22528K), 2 survivors (4096K)
 Metaspace       used 56917K, committed 57536K, reserved 1114112K
  class space    used 7752K, committed 8000K, reserved 1048576K
}
Event: 54.228 GC heap after
{Heap after GC invocations=14 (full 0):
 garbage-first heap   total reserved 2871296K, committed 55296K, used 28801K [0x0000000750c00000, 0x0000000800000000)
  region size 2048K, 1 young (2048K), 1 survivors (2048K)
 Metaspace       used 56917K, committed 57536K, reserved 1114112K
  class space    used 7752K, committed 8000K, reserved 1048576K
}
Event: 55.875 GC heap before
{Heap before GC invocations=14 (full 0):
 garbage-first heap   total reserved 2871296K, committed 55296K, used 32897K [0x0000000750c00000, 0x0000000800000000)
  region size 2048K, 4 young (8192K), 1 survivors (2048K)
 Metaspace       used 59696K, committed 60288K, reserved 1114112K
  class space    used 8200K, committed 8448K, reserved 1048576K
}
Event: 55.879 GC heap after
{Heap after GC invocations=15 (full 0):
 garbage-first heap   total reserved 2871296K, committed 55296K, used 28877K [0x0000000750c00000, 0x0000000800000000)
  region size 2048K, 1 young (2048K), 1 survivors (2048K)
 Metaspace       used 59696K, committed 60288K, reserved 1114112K
  class space    used 8200K, committed 8448K, reserved 1048576K
}
Event: 63.847 GC heap before
{Heap before GC invocations=16 (full 0):
 garbage-first heap   total reserved 2871296K, committed 55296K, used 47309K [0x0000000750c00000, 0x0000000800000000)
  region size 2048K, 10 young (20480K), 1 survivors (2048K)
 Metaspace       used 63777K, committed 64512K, reserved 1114112K
  class space    used 8987K, committed 9280K, reserved 1048576K
}
Event: 63.853 GC heap after
{Heap after GC invocations=17 (full 0):
 garbage-first heap   total reserved 2871296K, committed 55296K, used 29714K [0x0000000750c00000, 0x0000000800000000)
  region size 2048K, 1 young (2048K), 1 survivors (2048K)
 Metaspace       used 63777K, committed 64512K, reserved 1114112K
  class space    used 8987K, committed 9280K, reserved 1048576K
}

